<?xml version="1.0" encoding="UTF-8"?>
<testsuite name="org.example.JsonParserTest" tests="1" skipped="0" failures="0" errors="0" timestamp="2024-03-26T00:08:29" hostname="DESKTOP-O17K81U" time="0.05">
  <properties/>
  <testcase name="testJsonParser()" classname="org.example.JsonParserTest" time="0.05"/>
  <system-out><![CDATA[]]></system-out>
  <system-err><![CDATA[]]></system-err>
</testsuite>
